> Task :checkKotlinGradlePluginConfigurationErrors
> Task :copyLayoutDefinitions UP-TO-DATE
> Task :copyRawQwertyUS UP-TO-DATE

> Task :generateBinaryContractions
Binary contractions up-to-date: contractions.bin

> Task :generateBinaryDictionaries
Binary dictionary up-to-date: en_enhanced.bin

> Task :generateVersionInfo
Generated version info:  ()

> Task :initDebugKeystore UP-TO-DATE
> Task :preBuild
> Task :preDebugBuild
> Task :dataBindingMergeDependencyArtifactsDebug
> Task :generateDebugResValues
> Task :generateDebugResources
> Task :packageDebugResources
> Task :generateDebugBuildConfig
> Task :parseDebugLocalResources
> Task :mapDebugSourceSetPaths
> Task :createDebugCompatibleScreenManifests
> Task :checkDebugAarMetadata
> Task :extractDeepLinksDebug
> Task :mergeDebugResources
> Task :processDebugMainManifest
> Task :dataBindingGenBaseClassesDebug
> Task :processDebugManifest
> Task :processDebugManifestForPackage
AAPT2 aapt2-8.6.0-11315950-linux Daemon #0: Unexpected error output: /data/data/com.termux/files/home/.gradle/caches/transforms-4/fcdf5283e87f60780fff2e7b9a71fc13/transformed/aapt2-8.6.0-11315950-linux/aapt2: 2: Syntax error: "(" unexpected
> Task :processDebugResources FAILED

FAILURE: Build failed with an exception.

* What went wrong:
Execution failed for task ':processDebugResources'.
> A failure occurred while executing com.android.build.gradle.internal.res.LinkApplicationAndroidResourcesTask$TaskAction
   > AAPT2 aapt2-8.6.0-11315950-linux Daemon #0: Daemon startup failed
     This should not happen under normal circumstances, please file an issue if it does.

* Try:
> Run with --stacktrace option to get the stack trace.
> Run with --info or --debug option to get more log output.
> Run with --scan to get full insights.
> Get more help at https://help.gradle.org.

Deprecated Gradle features were used in this build, making it incompatible with Gradle 9.0.

You can use '--warning-mode all' to show the individual deprecation warnings and determine if they come from your own scripts or plugins.

For more on this, please refer to https://docs.gradle.org/8.7/userguide/command_line_interface.html#sec:command_line_warnings in the Gradle documentation.

BUILD FAILED in 7s
20 actionable tasks: 20 executed
> Task :checkKotlinGradlePluginConfigurationErrors
> Task :copyLayoutDefinitions UP-TO-DATE
> Task :copyRawQwertyUS UP-TO-DATE

> Task :generateBinaryContractions
Binary contractions up-to-date: contractions.bin

> Task :generateBinaryDictionaries
Binary dictionary up-to-date: en_enhanced.bin

> Task :generateVersionInfo
Generated version info:  ()

> Task :initDebugKeystore UP-TO-DATE
> Task :preBuild
> Task :preDebugBuild
> Task :dataBindingMergeDependencyArtifactsDebug UP-TO-DATE
> Task :generateDebugResValues UP-TO-DATE
> Task :generateDebugResources
> Task :mergeDebugResources
> Task :packageDebugResources
> Task :generateDebugBuildConfig UP-TO-DATE
> Task :checkDebugAarMetadata UP-TO-DATE
> Task :parseDebugLocalResources
> Task :mapDebugSourceSetPaths
> Task :dataBindingGenBaseClassesDebug UP-TO-DATE
> Task :createDebugCompatibleScreenManifests UP-TO-DATE
> Task :extractDeepLinksDebug UP-TO-DATE
> Task :processDebugMainManifest UP-TO-DATE
> Task :processDebugManifest UP-TO-DATE
> Task :processDebugManifestForPackage UP-TO-DATE
AAPT2 aapt2-8.6.0-11315950-linux Daemon #0: Unexpected error output: /data/data/com.termux/files/home/.gradle/caches/transforms-4/fcdf5283e87f60780fff2e7b9a71fc13/transformed/aapt2-8.6.0-11315950-linux/aapt2: 2: Syntax error: "(" unexpected
> Task :processDebugResources FAILED

FAILURE: Build failed with an exception.

* What went wrong:
Execution failed for task ':processDebugResources'.
> A failure occurred while executing com.android.build.gradle.internal.res.LinkApplicationAndroidResourcesTask$TaskAction
   > AAPT2 aapt2-8.6.0-11315950-linux Daemon #0: Daemon startup failed
     This should not happen under normal circumstances, please file an issue if it does.

* Try:
> Run with --stacktrace option to get the stack trace.
> Run with --info or --debug option to get more log output.
> Run with --scan to get full insights.
> Get more help at https://help.gradle.org.

Deprecated Gradle features were used in this build, making it incompatible with Gradle 9.0.

You can use '--warning-mode all' to show the individual deprecation warnings and determine if they come from your own scripts or plugins.

For more on this, please refer to https://docs.gradle.org/8.7/userguide/command_line_interface.html#sec:command_line_warnings in the Gradle documentation.

BUILD FAILED in 2s
20 actionable tasks: 10 executed, 10 up-to-date
