=== Unexpected Keyboard Termux Build Script ===
Building debug APK on Termux ARM64

Step 1: Checking prerequisites...
Step 2: Auto-incrementing version...
  Current: versionCode 892, versionName 1.32.892
  New:     versionCode 893, versionName 1.32.893
  âœ… Version updated in build.gradle

Step 3: Preparing layout resources...
Step 4: Cleaning previous builds...
> Task :clean

Deprecated Gradle features were used in this build, making it incompatible with Gradle 9.0.

You can use '--warning-mode all' to show the individual deprecation warnings and determine if they come from your own scripts or plugins.

For more on this, please refer to https://docs.gradle.org/8.7/userguide/command_line_interface.html#sec:command_line_warnings in the Gradle documentation.

BUILD SUCCESSFUL in 2s
1 actionable task: 1 executed
Step 5: Building Debug APK...
This may take a few minutes on first run...
To honour the JVM settings for this build a single-use Daemon process will be forked. For more on this, please refer to https://docs.gradle.org/8.7/userguide/gradle_daemon.html#sec:disabling_the_daemon in the Gradle documentation.
Daemon will be stopped at the end of the build 

> Configure project :
WARNING: The option setting 'android.aapt2FromMavenOverride=/data/data/com.termux/files/home/git/swype/Unexpected-Keyboard/tools/aapt2-arm64/aapt2' is experimental.

> Task :copyLayoutDefinitions UP-TO-DATE
> Task :copyRawQwertyUS UP-TO-DATE

> Task :generateBinaryContractions
Binary contractions up-to-date: contractions.bin

> Task :generateBinaryDictionaries
Binary dictionary up-to-date: en_enhanced.bin

> Task :generateVersionInfo
Generated version info:  ()

> Task :initDebugKeystore UP-TO-DATE
> Task :preBuild
> Task :preDebugBuild
> Task :mergeDebugNativeDebugMetadata NO-SOURCE
> Task :checkKotlinGradlePluginConfigurationErrors
> Task :dataBindingMergeDependencyArtifactsDebug
> Task :generateDebugResValues FROM-CACHE
> Task :generateDebugResources
> Task :packageDebugResources
> Task :generateDebugBuildConfig FROM-CACHE
> Task :mapDebugSourceSetPaths
> Task :createDebugCompatibleScreenManifests
> Task :extractDeepLinksDebug FROM-CACHE
> Task :parseDebugLocalResources
> Task :checkDebugAarMetadata
> Task :processDebugMainManifest FROM-CACHE
> Task :processDebugManifest FROM-CACHE
> Task :processDebugManifestForPackage FROM-CACHE
> Task :javaPreCompileDebug FROM-CACHE
> Task :mergeDebugShaders
> Task :compileDebugShaders NO-SOURCE
> Task :generateDebugAssets UP-TO-DATE
> Task :mergeDebugAssets
> Task :compressDebugAssets FROM-CACHE
> Task :checkDebugDuplicateClasses
> Task :desugarDebugFileDependencies FROM-CACHE
> Task :mergeDebugResources
> Task :mergeExtDexDebug FROM-CACHE
> Task :dataBindingGenBaseClassesDebug FROM-CACHE
> Task :mergeLibDexDebug FROM-CACHE
> Task :mergeDebugJniLibFolders
> Task :validateSigningDebug
> Task :writeDebugAppMetadata
> Task :writeDebugSigningConfigVersions
> Task :mergeDebugNativeLibs

> Task :stripDebugDebugSymbols
/data/data/com.termux/files/home/android-sdk/ndk/26.1.10909125/toolchains/llvm/prebuilt/linux-x86_64/bin/llvm-strip: 1: Syntax error: "(" unexpected

/data/data/com.termux/files/home/android-sdk/ndk/26.1.10909125/toolchains/llvm/prebuilt/linux-x86_64/bin/llvm-strip: 1: Syntax error: "(" unexpected

/data/data/com.termux/files/home/android-sdk/ndk/26.1.10909125/toolchains/llvm/prebuilt/linux-x86_64/bin/llvm-strip: 1: Syntax error: "(" unexpected

/data/data/com.termux/files/home/android-sdk/ndk/26.1.10909125/toolchains/llvm/prebuilt/linux-x86_64/bin/llvm-strip: 1: Syntax error: "(" unexpected

Unable to strip the following libraries, packaging them as they are: libonnxruntime.so, libonnxruntime4j_jni.so.

> Task :processDebugResources
> Task :compileDebugKotlin
e: file:///data/data/com.termux/files/home/git/swype/Unexpected-Keyboard/srcs/juloo.keyboard2/Keyboard2.kt:524:17 Type mismatch: inferred type is Config? but Config was expected

> Task :compileDebugKotlin FAILED

FAILURE: Build failed with an exception.

* What went wrong:
Execution failed for task ':compileDebugKotlin'.
> A failure occurred while executing org.jetbrains.kotlin.compilerRunner.GradleCompilerRunnerWithWorkers$GradleKotlinCompilerWorkAction
   > Compilation error. See log for more details

* Try:
> Run with --stacktrace option to get the stack trace.
> Run with --info or --debug option to get more log output.
> Run with --scan to get full insights.
> Get more help at https://help.gradle.org.

BUILD FAILED in 1m 12s
35 actionable tasks: 23 executed, 12 from cache

=== BUILD FAILED ===
Check build-debug.log for details

Common issues:
1. AAPT2 compatibility - ensure qemu-x86_64 is installed
2. Memory issues - try closing other apps
3. Missing layouts - check if srcs/layouts/*.xml exist
4. SDK version mismatch - check Android SDK installation
