=== Unexpected Keyboard Termux Build Script ===
Building debug APK on Termux ARM64

Step 1: Checking prerequisites...
Step 2: Auto-incrementing version...
  Current: versionCode 888, versionName 1.32.888
  New:     versionCode 889, versionName 1.32.889
  âœ… Version updated in build.gradle

Step 3: Preparing layout resources...
Step 4: Cleaning previous builds...
> Task :clean

Deprecated Gradle features were used in this build, making it incompatible with Gradle 9.0.

You can use '--warning-mode all' to show the individual deprecation warnings and determine if they come from your own scripts or plugins.

For more on this, please refer to https://docs.gradle.org/8.7/userguide/command_line_interface.html#sec:command_line_warnings in the Gradle documentation.

BUILD SUCCESSFUL in 1s
1 actionable task: 1 executed
Step 5: Building Debug APK...
This may take a few minutes on first run...
To honour the JVM settings for this build a single-use Daemon process will be forked. For more on this, please refer to https://docs.gradle.org/8.7/userguide/gradle_daemon.html#sec:disabling_the_daemon in the Gradle documentation.
Daemon will be stopped at the end of the build 

> Configure project :
WARNING: The option setting 'android.aapt2FromMavenOverride=/data/data/com.termux/files/home/git/swype/Unexpected-Keyboard/tools/aapt2-arm64/aapt2' is experimental.

> Task :copyLayoutDefinitions UP-TO-DATE
> Task :copyRawQwertyUS UP-TO-DATE

> Task :generateBinaryContractions
Binary contractions up-to-date: contractions.bin

> Task :generateBinaryDictionaries
Binary dictionary up-to-date: en_enhanced.bin

> Task :generateVersionInfo
Generated version info:  ()

> Task :initDebugKeystore UP-TO-DATE
> Task :preBuild
> Task :preDebugBuild
> Task :mergeDebugNativeDebugMetadata NO-SOURCE
> Task :checkKotlinGradlePluginConfigurationErrors
> Task :dataBindingMergeDependencyArtifactsDebug
> Task :generateDebugResValues FROM-CACHE
> Task :generateDebugResources
> Task :packageDebugResources
> Task :generateDebugBuildConfig
> Task :parseDebugLocalResources
> Task :mapDebugSourceSetPaths
> Task :checkDebugAarMetadata
> Task :createDebugCompatibleScreenManifests
> Task :extractDeepLinksDebug FROM-CACHE
> Task :processDebugMainManifest
> Task :processDebugManifest
> Task :javaPreCompileDebug FROM-CACHE
> Task :mergeDebugResources
> Task :mergeDebugShaders
> Task :dataBindingGenBaseClassesDebug FROM-CACHE
> Task :compileDebugShaders NO-SOURCE
> Task :generateDebugAssets UP-TO-DATE
> Task :mergeDebugAssets
> Task :compressDebugAssets FROM-CACHE
> Task :checkDebugDuplicateClasses
> Task :desugarDebugFileDependencies FROM-CACHE
> Task :mergeExtDexDebug FROM-CACHE
> Task :mergeLibDexDebug FROM-CACHE
> Task :mergeDebugJniLibFolders
> Task :validateSigningDebug
> Task :writeDebugAppMetadata
> Task :writeDebugSigningConfigVersions
> Task :processDebugManifestForPackage
> Task :mergeDebugNativeLibs

> Task :stripDebugDebugSymbols
/data/data/com.termux/files/home/android-sdk/ndk/26.1.10909125/toolchains/llvm/prebuilt/linux-x86_64/bin/llvm-strip: 1: Syntax error: "(" unexpected

/data/data/com.termux/files/home/android-sdk/ndk/26.1.10909125/toolchains/llvm/prebuilt/linux-x86_64/bin/llvm-strip: 1: Syntax error: "(" unexpected

/data/data/com.termux/files/home/android-sdk/ndk/26.1.10909125/toolchains/llvm/prebuilt/linux-x86_64/bin/llvm-strip: 1: Syntax error: "(" unexpected

/data/data/com.termux/files/home/android-sdk/ndk/26.1.10909125/toolchains/llvm/prebuilt/linux-x86_64/bin/llvm-strip: 1: Syntax error: "(" unexpected

Unable to strip the following libraries, packaging them as they are: libonnxruntime.so, libonnxruntime4j_jni.so.

> Task :processDebugResources
> Task :compileDebugKotlin
e: file:///data/data/com.termux/files/home/git/swype/Unexpected-Keyboard/srcs/juloo.keyboard2/Keyboard2.kt:204:56 Smart cast to 'Config' is impossible, because '_config' is a mutable property that could have been changed by this time
e: file:///data/data/com.termux/files/home/git/swype/Unexpected-Keyboard/srcs/juloo.keyboard2/Keyboard2.kt:222:13 Smart cast to 'PredictionCoordinator' is impossible, because '_predictionCoordinator' is a mutable property that could have been changed by this time
e: file:///data/data/com.termux/files/home/git/swype/Unexpected-Keyboard/srcs/juloo.keyboard2/Keyboard2.kt:231:50 Smart cast to 'PredictionCoordinator' is impossible, because '_predictionCoordinator' is a mutable property that could have been changed by this time
e: file:///data/data/com.termux/files/home/git/swype/Unexpected-Keyboard/srcs/juloo.keyboard2/Keyboard2.kt:308:60 Type mismatch: inferred type is Config? but Config was expected
e: file:///data/data/com.termux/files/home/git/swype/Unexpected-Keyboard/srcs/juloo.keyboard2/Keyboard2.kt:350:44 Smart cast to 'Config' is impossible, because '_config' is a mutable property that could have been changed by this time
e: file:///data/data/com.termux/files/home/git/swype/Unexpected-Keyboard/srcs/juloo.keyboard2/Keyboard2.kt:400:13 Type mismatch: inferred type is SubtypeManager? but SubtypeManager was expected
e: file:///data/data/com.termux/files/home/git/swype/Unexpected-Keyboard/srcs/juloo.keyboard2/Keyboard2.kt:433:17 Type mismatch: inferred type is PredictionCoordinator? but PredictionCoordinator was expected
e: file:///data/data/com.termux/files/home/git/swype/Unexpected-Keyboard/srcs/juloo.keyboard2/Keyboard2.kt:451:45 Type mismatch: inferred type is Config? but Config was expected
e: file:///data/data/com.termux/files/home/git/swype/Unexpected-Keyboard/srcs/juloo.keyboard2/Keyboard2.kt:519:17 Type mismatch: inferred type is Config? but Config was expected
e: file:///data/data/com.termux/files/home/git/swype/Unexpected-Keyboard/srcs/juloo.keyboard2/Keyboard2View.kt:270:61 Type mismatch: inferred type is List<PointF>? but List<PointF> was expected
e: file:///data/data/com.termux/files/home/git/swype/Unexpected-Keyboard/srcs/juloo.keyboard2/Keyboard2View.kt:270:74 Type mismatch: inferred type is List<Long>? but List<Long> was expected
e: file:///data/data/com.termux/files/home/git/swype/Unexpected-Keyboard/srcs/juloo.keyboard2/KeyboardReceiver.kt:95:44 Type mismatch: inferred type is ViewGroup? but View was expected
e: file:///data/data/com.termux/files/home/git/swype/Unexpected-Keyboard/srcs/juloo.keyboard2/KeyboardReceiver.kt:137:89 Unresolved reference: connectionToken
e: file:///data/data/com.termux/files/home/git/swype/Unexpected-Keyboard/srcs/juloo.keyboard2/KeyboardReceiver.kt:173:31 Unresolved reference: config
e: file:///data/data/com.termux/files/home/git/swype/Unexpected-Keyboard/srcs/juloo.keyboard2/KeyboardReceiver.kt:173:38 Variable expected
e: file:///data/data/com.termux/files/home/git/swype/Unexpected-Keyboard/srcs/juloo.keyboard2/SettingsActivity.kt:144:39 Unresolved reference: statistics
e: file:///data/data/com.termux/files/home/git/swype/Unexpected-Keyboard/srcs/juloo.keyboard2/SettingsActivity.kt:167:39 Unresolved reference: statistics
e: file:///data/data/com.termux/files/home/git/swype/Unexpected-Keyboard/srcs/juloo.keyboard2/SettingsActivity.kt:240:35 Unresolved reference: statistics
e: file:///data/data/com.termux/files/home/git/swype/Unexpected-Keyboard/srcs/juloo.keyboard2/SettingsActivity.kt:312:43 Unresolved reference: statistics
e: file:///data/data/com.termux/files/home/git/swype/Unexpected-Keyboard/srcs/juloo.keyboard2/SettingsActivity.kt:1244:25 Unresolved reference: storageStats

> Task :compileDebugKotlin FAILED

FAILURE: Build failed with an exception.

* What went wrong:
Execution failed for task ':compileDebugKotlin'.
> A failure occurred while executing org.jetbrains.kotlin.compilerRunner.GradleCompilerRunnerWithWorkers$GradleKotlinCompilerWorkAction
   > Compilation error. See log for more details

* Try:
> Run with --stacktrace option to get the stack trace.
> Run with --info or --debug option to get more log output.
> Run with --scan to get full insights.
> Get more help at https://help.gradle.org.

BUILD FAILED in 1m 34s
35 actionable tasks: 27 executed, 8 from cache

=== BUILD FAILED ===
Check build-debug.log for details

Common issues:
1. AAPT2 compatibility - ensure qemu-x86_64 is installed
2. Memory issues - try closing other apps
3. Missing layouts - check if srcs/layouts/*.xml exist
4. SDK version mismatch - check Android SDK installation
