> Task :checkKotlinGradlePluginConfigurationErrors
> Task :copyLayoutDefinitions UP-TO-DATE
> Task :copyRawQwertyUS UP-TO-DATE

> Task :generateBinaryContractions
Binary contractions up-to-date: contractions.bin

> Task :generateBinaryDictionaries
Binary dictionary up-to-date: en_enhanced.bin

> Task :generateVersionInfo
Generated version info:  ()

> Task :initDebugKeystore UP-TO-DATE
> Task :preBuild
> Task :preDebugBuild
> Task :dataBindingMergeDependencyArtifactsDebug UP-TO-DATE
> Task :generateDebugResValues UP-TO-DATE
> Task :generateDebugResources
> Task :packageDebugResources
> Task :generateDebugBuildConfig UP-TO-DATE
> Task :parseDebugLocalResources
> Task :checkDebugAarMetadata UP-TO-DATE
> Task :mapDebugSourceSetPaths
> Task :createDebugCompatibleScreenManifests UP-TO-DATE
> Task :extractDeepLinksDebug UP-TO-DATE
> Task :processDebugMainManifest UP-TO-DATE
> Task :processDebugManifest UP-TO-DATE
> Task :processDebugManifestForPackage UP-TO-DATE
> Task :javaPreCompileDebug UP-TO-DATE
> Task :mergeDebugResources
> Task :dataBindingGenBaseClassesDebug UP-TO-DATE
AAPT2 aapt2-8.6.0-11315950-linux Daemon #0: Unexpected error output: /data/data/com.termux/files/home/.gradle/caches/transforms-4/4b7eb610c958ff049e80eb03634a5aba/transformed/aapt2-8.6.0-11315950-linux/aapt2: 2: Syntax error: "(" unexpected
AAPT2 aapt2-8.6.0-11315950-linux Daemon #1: Unexpected error output: /data/data/com.termux/files/home/.gradle/caches/transforms-4/4b7eb610c958ff049e80eb03634a5aba/transformed/aapt2-8.6.0-11315950-linux/aapt2: 2: Syntax error: "(" unexpected
> Task :processDebugResources FAILED

FAILURE: Build failed with an exception.

* What went wrong:
Execution failed for task ':processDebugResources'.
> Could not resolve all files for configuration ':debugRuntimeClasspath'.
   > Failed to transform appcompat-1.6.1.aar (androidx.appcompat:appcompat:1.6.1) to match attributes {artifactType=android-compiled-dependencies-resources, org.gradle.category=library, org.gradle.dependency.bundling=external, org.gradle.libraryelements=aar, org.gradle.status=release, org.gradle.usage=java-runtime}.
      > Execution failed for AarResourcesCompilerTransform: /data/data/com.termux/files/home/.gradle/caches/transforms-4/424aaba044825e4a7d73e4ac4eb4534d/transformed/appcompat-1.6.1.
         > AAPT2 aapt2-8.6.0-11315950-linux Daemon #0: Daemon startup failed
           This should not happen under normal circumstances, please file an issue if it does.
   > Failed to transform core-1.16.0.aar (androidx.core:core:1.16.0) to match attributes {artifactType=android-compiled-dependencies-resources, org.gradle.category=library, org.gradle.dependency.bundling=external, org.gradle.libraryelements=aar, org.gradle.status=release, org.gradle.usage=java-runtime}.
      > Execution failed for AarResourcesCompilerTransform: /data/data/com.termux/files/home/.gradle/caches/transforms-4/fc857bc6cdab4367010ca09f95b9b152/transformed/core-1.16.0.
         > AAPT2 aapt2-8.6.0-11315950-linux Daemon #1: Daemon startup failed
           This should not happen under normal circumstances, please file an issue if it does.
   > Failed to transform core-1.16.0.aar (androidx.core:core:1.16.0) to match attributes {artifactType=android-compiled-dependencies-resources, org.gradle.status=release}.
      > Execution failed for AarResourcesCompilerTransform: /data/data/com.termux/files/home/.gradle/caches/transforms-4/fc857bc6cdab4367010ca09f95b9b152/transformed/core-1.16.0.
         > AAPT2 aapt2-8.6.0-11315950-linux Daemon #1: Daemon startup failed
           This should not happen under normal circumstances, please file an issue if it does.
   > Failed to transform core-1.16.0.aar (androidx.core:core:1.16.0) to match attributes {artifactType=android-compiled-dependencies-resources, org.gradle.status=release}.
      > Execution failed for AarResourcesCompilerTransform: /data/data/com.termux/files/home/.gradle/caches/transforms-4/fc857bc6cdab4367010ca09f95b9b152/transformed/core-1.16.0.
         > AAPT2 aapt2-8.6.0-11315950-linux Daemon #1: Daemon startup failed
           This should not happen under normal circumstances, please file an issue if it does.
   > Failed to transform core-1.16.0.aar (androidx.core:core:1.16.0) to match attributes {artifactType=android-compiled-dependencies-resources, org.gradle.status=release}.
      > Execution failed for AarResourcesCompilerTransform: /data/data/com.termux/files/home/.gradle/caches/transforms-4/fc857bc6cdab4367010ca09f95b9b152/transformed/core-1.16.0.
         > AAPT2 aapt2-8.6.0-11315950-linux Daemon #1: Daemon startup failed
           This should not happen under normal circumstances, please file an issue if it does.
   > Failed to transform core-1.16.0.aar (androidx.core:core:1.16.0) to match attributes {artifactType=android-compiled-dependencies-resources, org.gradle.status=release}.
      > Execution failed for AarResourcesCompilerTransform: /data/data/com.termux/files/home/.gradle/caches/transforms-4/fc857bc6cdab4367010ca09f95b9b152/transformed/core-1.16.0.
         > AAPT2 aapt2-8.6.0-11315950-linux Daemon #1: Daemon startup failed
           This should not happen under normal circumstances, please file an issue if it does.
   > Failed to transform core-1.16.0.aar (androidx.core:core:1.16.0) to match attributes {artifactType=android-compiled-dependencies-resources, org.gradle.status=release}.
      > Execution failed for AarResourcesCompilerTransform: /data/data/com.termux/files/home/.gradle/caches/transforms-4/fc857bc6cdab4367010ca09f95b9b152/transformed/core-1.16.0.
         > AAPT2 aapt2-8.6.0-11315950-linux Daemon #1: Daemon startup failed
           This should not happen under normal circumstances, please file an issue if it does.
   > Failed to transform core-1.16.0.aar (androidx.core:core:1.16.0) to match attributes {artifactType=android-compiled-dependencies-resources, org.gradle.status=release}.
      > Execution failed for AarResourcesCompilerTransform: /data/data/com.termux/files/home/.gradle/caches/transforms-4/fc857bc6cdab4367010ca09f95b9b152/transformed/core-1.16.0.
         > AAPT2 aapt2-8.6.0-11315950-linux Daemon #1: Daemon startup failed
           This should not happen under normal circumstances, please file an issue if it does.
   > Failed to transform core-1.16.0.aar (androidx.core:core:1.16.0) to match attributes {artifactType=android-compiled-dependencies-resources, org.gradle.status=release}.
      > Execution failed for AarResourcesCompilerTransform: /data/data/com.termux/files/home/.gradle/caches/transforms-4/fc857bc6cdab4367010ca09f95b9b152/transformed/core-1.16.0.
         > AAPT2 aapt2-8.6.0-11315950-linux Daemon #1: Daemon startup failed
           This should not happen under normal circumstances, please file an issue if it does.
   > Failed to transform core-1.16.0.aar (androidx.core:core:1.16.0) to match attributes {artifactType=android-compiled-dependencies-resources, org.gradle.status=release}.
      > Execution failed for AarResourcesCompilerTransform: /data/data/com.termux/files/home/.gradle/caches/transforms-4/fc857bc6cdab4367010ca09f95b9b152/transformed/core-1.16.0.
         > AAPT2 aapt2-8.6.0-11315950-linux Daemon #1: Daemon startup failed
           This should not happen under normal circumstances, please file an issue if it does.
   > Failed to transform core-1.16.0.aar (androidx.core:core:1.16.0) to match attributes {artifactType=android-compiled-dependencies-resources, org.gradle.status=release}.
      > Execution failed for AarResourcesCompilerTransform: /data/data/com.termux/files/home/.gradle/caches/transforms-4/fc857bc6cdab4367010ca09f95b9b152/transformed/core-1.16.0.
         > AAPT2 aapt2-8.6.0-11315950-linux Daemon #1: Daemon startup failed
           This should not happen under normal circumstances, please file an issue if it does.

* Try:
> Run with --stacktrace option to get the stack trace.
> Run with --info or --debug option to get more log output.
> Run with --scan to get full insights.
> Get more help at https://help.gradle.org.

Deprecated Gradle features were used in this build, making it incompatible with Gradle 9.0.

You can use '--warning-mode all' to show the individual deprecation warnings and determine if they come from your own scripts or plugins.

For more on this, please refer to https://docs.gradle.org/8.7/userguide/command_line_interface.html#sec:command_line_warnings in the Gradle documentation.

BUILD FAILED in 6s
21 actionable tasks: 10 executed, 11 up-to-date
