
[0;34mâ•â•â•â•â•â•â•â•â•â•â•â•â•â•â•â•â•â•â•â•â•â•â•â•â•â•â•â•â•â•â•â•â•â•â•â•â•â•â•â•â•â•â•â•â•â•â•â•â•â•â•[0m
[0;34m  STEP 1: Running Unit Tests[0m
[0;34mâ•â•â•â•â•â•â•â•â•â•â•â•â•â•â•â•â•â•â•â•â•â•â•â•â•â•â•â•â•â•â•â•â•â•â•â•â•â•â•â•â•â•â•â•â•â•â•â•â•â•â•[0m
[0;34mâ„¹ [0mExecuting Gradle test suite...
To honour the JVM settings for this build a single-use Daemon process will be forked. For more on this, please refer to https://docs.gradle.org/8.7/userguide/gradle_daemon.html#sec:disabling_the_daemon in the Gradle documentation.
Daemon will be stopped at the end of the build 

Generating srcs/juloo.keyboard2/ComposeKeyData.java
Warning: Sequence collide: 'ng = Å‹' and 'ng~ = nÍ g'
Warning: Sequence collide: 'Ij = Ä²' and 'Ij = Ä²'
Warning: Sequence C+C = â„‚ has no lower case equivalent C+c (but c+c = Ä exists)
Warning: Sequence C+E = â‚  has no lower case equivalent C+e (but c+e = Ä› exists)
Warning: Sequence C+O = Â© has no lower case equivalent C+o (but c+o = Ç’ exists)
Warning: Sequence F+U = ğŸ–• has no lower case equivalent F+u
Warning: Sequence O+A = â’¶ has no lower case equivalent O+a (but o+a = Ã¥ exists)
Warning: Sequence O+Y = â˜® has no lower case equivalent O+y (but o+y = áº™ exists)
Warning: Sequence P+P = Â¶ has no lower case equivalent P+p
Warning: Sequence R+O = Â® has no lower case equivalent R+o
Warning: Sequence U+A = Ä‚ is not the same as U+a = Äƒ (but u+a = Äƒ exists)
Warning: Sequence U+E = Ä” is not the same as U+e = Ä• (but u+e = Ä• exists)
Warning: Sequence U+G = Ä is not the same as U+g = ÄŸ (but u+g = ÄŸ exists)
Warning: Sequence U+I = Ä¬ is not the same as U+i = Ä­ (but u+i = Ä­ exists)
Warning: Sequence U+O = Å is not the same as U+o = Å (but u+o = Å exists)
Warning: Sequence U+U = Å¬ is not the same as U+u = Å­ (but u+u = Å­ exists)
Compiled 4050 sequences into 8659 states. Dropped 548 sequences. Generated 16 warnings.

Generating res/values/layouts.xml

Checking layouts
> Task :checkKotlinGradlePluginConfigurationErrors
> Task :copyLayoutDefinitions UP-TO-DATE
> Task :copyRawQwertyUS UP-TO-DATE

> Task :generateVersionInfo
Generated version info:  ()

> Task :initDebugKeystore UP-TO-DATE
> Task :preBuild
> Task :preDebugBuild
> Task :dataBindingMergeDependencyArtifactsDebug UP-TO-DATE
> Task :generateDebugResValues UP-TO-DATE
> Task :generateDebugResources
> Task :packageDebugResources
> Task :checkDebugAarMetadata UP-TO-DATE
> Task :parseDebugLocalResources
> Task :mapDebugSourceSetPaths
> Task :createDebugCompatibleScreenManifests
> Task :extractDeepLinksDebug UP-TO-DATE
> Task :mergeDebugResources
> Task :processDebugMainManifest
> Task :dataBindingGenBaseClassesDebug UP-TO-DATE
> Task :processDebugManifest
> Task :javaPreCompileDebug UP-TO-DATE
> Task :checkKeyboardLayouts UP-TO-DATE
> Task :compileComposeSequences UP-TO-DATE
> Task :preDebugUnitTestBuild
> Task :processDebugManifestForPackage
> Task :javaPreCompileDebugUnitTest
AAPT2 aapt2-8.6.0-11315950-linux Daemon #0: Unexpected error output: /data/data/com.termux/files/home/.gradle/caches/transforms-4/fcdf5283e87f60780fff2e7b9a71fc13/transformed/aapt2-8.6.0-11315950-linux/aapt2: 2: Syntax error: "(" unexpected
AAPT2 aapt2-8.6.0-11315950-linux Daemon #1: Unexpected error output: /data/data/com.termux/files/home/.gradle/caches/transforms-4/fcdf5283e87f60780fff2e7b9a71fc13/transformed/aapt2-8.6.0-11315950-linux/aapt2: 2: Syntax error: "(" unexpected
> Task :processDebugResources FAILED

FAILURE: Build failed with an exception.

* What went wrong:
Execution failed for task ':processDebugResources'.
> Could not resolve all files for configuration ':debugRuntimeClasspath'.
   > Failed to transform appcompat-1.6.1.aar (androidx.appcompat:appcompat:1.6.1) to match attributes {artifactType=android-compiled-dependencies-resources, org.gradle.category=library, org.gradle.dependency.bundling=external, org.gradle.libraryelements=aar, org.gradle.status=release, org.gradle.usage=java-runtime}.
      > Execution failed for AarResourcesCompilerTransform: /data/data/com.termux/files/home/.gradle/caches/transforms-4/bc6530ef2d8272bfe0954a38533c575e/transformed/appcompat-1.6.1.
         > AAPT2 aapt2-8.6.0-11315950-linux Daemon #0: Daemon startup failed
           This should not happen under normal circumstances, please file an issue if it does.
   > Failed to transform core-1.16.0.aar (androidx.core:core:1.16.0) to match attributes {artifactType=android-compiled-dependencies-resources, org.gradle.category=library, org.gradle.dependency.bundling=external, org.gradle.libraryelements=aar, org.gradle.status=release, org.gradle.usage=java-runtime}.
      > Execution failed for AarResourcesCompilerTransform: /data/data/com.termux/files/home/.gradle/caches/transforms-4/f947dd21c454b08d814ea374b3c4738e/transformed/core-1.16.0.
         > AAPT2 aapt2-8.6.0-11315950-linux Daemon #1: Daemon startup failed
           This should not happen under normal circumstances, please file an issue if it does.
   > Failed to transform core-1.16.0.aar (androidx.core:core:1.16.0) to match attributes {artifactType=android-compiled-dependencies-resources, org.gradle.status=release}.
      > Execution failed for AarResourcesCompilerTransform: /data/data/com.termux/files/home/.gradle/caches/transforms-4/f947dd21c454b08d814ea374b3c4738e/transformed/core-1.16.0.
         > AAPT2 aapt2-8.6.0-11315950-linux Daemon #1: Daemon startup failed
           This should not happen under normal circumstances, please file an issue if it does.
   > Failed to transform core-1.16.0.aar (androidx.core:core:1.16.0) to match attributes {artifactType=android-compiled-dependencies-resources, org.gradle.status=release}.
      > Execution failed for AarResourcesCompilerTransform: /data/data/com.termux/files/home/.gradle/caches/transforms-4/f947dd21c454b08d814ea374b3c4738e/transformed/core-1.16.0.
         > AAPT2 aapt2-8.6.0-11315950-linux Daemon #1: Daemon startup failed
           This should not happen under normal circumstances, please file an issue if it does.
   > Failed to transform core-1.16.0.aar (androidx.core:core:1.16.0) to match attributes {artifactType=android-compiled-dependencies-resources, org.gradle.status=release}.
      > Execution failed for AarResourcesCompilerTransform: /data/data/com.termux/files/home/.gradle/caches/transforms-4/f947dd21c454b08d814ea374b3c4738e/transformed/core-1.16.0.
         > AAPT2 aapt2-8.6.0-11315950-linux Daemon #1: Daemon startup failed
           This should not happen under normal circumstances, please file an issue if it does.
   > Failed to transform core-1.16.0.aar (androidx.core:core:1.16.0) to match attributes {artifactType=android-compiled-dependencies-resources, org.gradle.status=release}.
      > Execution failed for AarResourcesCompilerTransform: /data/data/com.termux/files/home/.gradle/caches/transforms-4/f947dd21c454b08d814ea374b3c4738e/transformed/core-1.16.0.
         > AAPT2 aapt2-8.6.0-11315950-linux Daemon #1: Daemon startup failed
           This should not happen under normal circumstances, please file an issue if it does.
   > Failed to transform core-1.16.0.aar (androidx.core:core:1.16.0) to match attributes {artifactType=android-compiled-dependencies-resources, org.gradle.status=release}.
      > Execution failed for AarResourcesCompilerTransform: /data/data/com.termux/files/home/.gradle/caches/transforms-4/f947dd21c454b08d814ea374b3c4738e/transformed/core-1.16.0.
         > AAPT2 aapt2-8.6.0-11315950-linux Daemon #1: Daemon startup failed
           This should not happen under normal circumstances, please file an issue if it does.
   > Failed to transform core-1.16.0.aar (androidx.core:core:1.16.0) to match attributes {artifactType=android-compiled-dependencies-resources, org.gradle.status=release}.
      > Execution failed for AarResourcesCompilerTransform: /data/data/com.termux/files/home/.gradle/caches/transforms-4/f947dd21c454b08d814ea374b3c4738e/transformed/core-1.16.0.
         > AAPT2 aapt2-8.6.0-11315950-linux Daemon #1: Daemon startup failed
           This should not happen under normal circumstances, please file an issue if it does.
   > Failed to transform core-1.16.0.aar (androidx.core:core:1.16.0) to match attributes {artifactType=android-compiled-dependencies-resources, org.gradle.status=release}.
      > Execution failed for AarResourcesCompilerTransform: /data/data/com.termux/files/home/.gradle/caches/transforms-4/f947dd21c454b08d814ea374b3c4738e/transformed/core-1.16.0.
         > AAPT2 aapt2-8.6.0-11315950-linux Daemon #1: Daemon startup failed
           This should not happen under normal circumstances, please file an issue if it does.
   > Failed to transform core-1.16.0.aar (androidx.core:core:1.16.0) to match attributes {artifactType=android-compiled-dependencies-resources, org.gradle.status=release}.
      > Execution failed for AarResourcesCompilerTransform: /data/data/com.termux/files/home/.gradle/caches/transforms-4/f947dd21c454b08d814ea374b3c4738e/transformed/core-1.16.0.
         > AAPT2 aapt2-8.6.0-11315950-linux Daemon #1: Daemon startup failed
           This should not happen under normal circumstances, please file an issue if it does.
   > Failed to transform core-1.16.0.aar (androidx.core:core:1.16.0) to match attributes {artifactType=android-compiled-dependencies-resources, org.gradle.status=release}.
      > Execution failed for AarResourcesCompilerTransform: /data/data/com.termux/files/home/.gradle/caches/transforms-4/f947dd21c454b08d814ea374b3c4738e/transformed/core-1.16.0.
         > AAPT2 aapt2-8.6.0-11315950-linux Daemon #1: Daemon startup failed
           This should not happen under normal circumstances, please file an issue if it does.

* Try:
> Run with --stacktrace option to get the stack trace.
> Run with --info or --debug option to get more log output.
> Run with --scan to get full insights.
> Get more help at https://help.gradle.org.

Deprecated Gradle features were used in this build, making it incompatible with Gradle 9.0.

You can use '--warning-mode all' to show the individual deprecation warnings and determine if they come from your own scripts or plugins.

For more on this, please refer to https://docs.gradle.org/8.7/userguide/command_line_interface.html#sec:command_line_warnings in the Gradle documentation.

BUILD FAILED in 28s
19 actionable tasks: 13 executed, 6 up-to-date
[0;32mâœ… [0mAll unit tests passed

[0;34mâ•â•â•â•â•â•â•â•â•â•â•â•â•â•â•â•â•â•â•â•â•â•â•â•â•â•â•â•â•â•â•â•â•â•â•â•â•â•â•â•â•â•â•â•â•â•â•â•â•â•â•[0m
[0;34m  STEP 2: Building APK[0m
[0;34mâ•â•â•â•â•â•â•â•â•â•â•â•â•â•â•â•â•â•â•â•â•â•â•â•â•â•â•â•â•â•â•â•â•â•â•â•â•â•â•â•â•â•â•â•â•â•â•â•â•â•â•[0m
[0;34mâ„¹ [0mRunning build-on-termux.sh...
=== Unexpected Keyboard Termux Build Script ===
Building debug APK on Termux ARM64

Step 1: Checking prerequisites...
Step 2: Auto-incrementing version...
  Current: versionCode 460, versionName 1.32.410
  New:     versionCode 461, versionName 1.32.411
  âœ… Version updated in build.gradle

Step 3: Preparing layout resources...
Step 4: Cleaning previous builds...
> Task :clean

Deprecated Gradle features were used in this build, making it incompatible with Gradle 9.0.

You can use '--warning-mode all' to show the individual deprecation warnings and determine if they come from your own scripts or plugins.

For more on this, please refer to https://docs.gradle.org/8.7/userguide/command_line_interface.html#sec:command_line_warnings in the Gradle documentation.

BUILD SUCCESSFUL in 3s
1 actionable task: 1 executed
Step 5: Building Debug APK...
This may take a few minutes on first run...
To honour the JVM settings for this build a single-use Daemon process will be forked. For more on this, please refer to https://docs.gradle.org/8.7/userguide/gradle_daemon.html#sec:disabling_the_daemon in the Gradle documentation.
Daemon will be stopped at the end of the build 

> Configure project :
WARNING: The option setting 'android.aapt2FromMavenOverride=/data/data/com.termux/files/home/git/Unexpected-Keyboard/tools/aapt2-arm64/aapt2' is experimental.

> Task :copyLayoutDefinitions UP-TO-DATE
> Task :copyRawQwertyUS UP-TO-DATE

> Task :generateVersionInfo
Generated version info:  ()

> Task :initDebugKeystore UP-TO-DATE
> Task :preBuild
> Task :preDebugBuild
> Task :mergeDebugNativeDebugMetadata NO-SOURCE
> Task :checkKotlinGradlePluginConfigurationErrors
> Task :dataBindingMergeDependencyArtifactsDebug
> Task :generateDebugResValues FROM-CACHE
> Task :generateDebugResources
> Task :packageDebugResources
> Task :mapDebugSourceSetPaths
> Task :checkDebugAarMetadata
> Task :parseDebugLocalResources
> Task :createDebugCompatibleScreenManifests
> Task :extractDeepLinksDebug FROM-CACHE
> Task :processDebugMainManifest
> Task :mergeDebugResources
> Task :processDebugManifest
> Task :dataBindingGenBaseClassesDebug FROM-CACHE
> Task :javaPreCompileDebug FROM-CACHE
> Task :mergeDebugShaders
> Task :compileDebugShaders NO-SOURCE
> Task :generateDebugAssets UP-TO-DATE
> Task :mergeDebugAssets
> Task :compressDebugAssets FROM-CACHE
> Task :checkDebugDuplicateClasses
> Task :desugarDebugFileDependencies FROM-CACHE
> Task :mergeExtDexDebug FROM-CACHE
> Task :mergeLibDexDebug FROM-CACHE
> Task :mergeDebugJniLibFolders
> Task :processDebugManifestForPackage
> Task :validateSigningDebug
> Task :writeDebugAppMetadata
> Task :writeDebugSigningConfigVersions
> Task :mergeDebugNativeLibs

> Task :stripDebugDebugSymbols
/data/data/com.termux/files/home/android-sdk/ndk/26.1.10909125/toolchains/llvm/prebuilt/linux-x86_64/bin/llvm-strip: 1: Syntax error: "(" unexpected

/data/data/com.termux/files/home/android-sdk/ndk/26.1.10909125/toolchains/llvm/prebuilt/linux-x86_64/bin/llvm-strip: 1: Syntax error: "(" unexpected

/data/data/com.termux/files/home/android-sdk/ndk/26.1.10909125/toolchains/llvm/prebuilt/linux-x86_64/bin/llvm-strip: 1: Syntax error: "(" unexpected

/data/data/com.termux/files/home/android-sdk/ndk/26.1.10909125/toolchains/llvm/prebuilt/linux-x86_64/bin/llvm-strip: 1: Syntax error: "(" unexpected

Unable to strip the following libraries, packaging them as they are: libonnxruntime.so, libonnxruntime4j_jni.so.

> Task :processDebugResources
> Task :compileDebugKotlin FROM-CACHE
> Task :compileDebugJavaWithJavac FROM-CACHE
> Task :processDebugJavaRes
> Task :dexBuilderDebug FROM-CACHE
> Task :mergeProjectDexDebug FROM-CACHE
> Task :mergeDebugJavaResource
> Task :packageDebug
> Task :createDebugApkListingFileRedirect
> Task :assembleDebug

BUILD SUCCESSFUL in 47s
39 actionable tasks: 27 executed, 12 from cache

=== BUILD SUCCESSFUL! ===
APK created at: build/outputs/apk/debug/juloo.keyboard2.debug.apk

-rw-------. 1 u0_a364 u0_a364 58M Nov 13 19:29 build/outputs/apk/debug/juloo.keyboard2.debug.apk

Copying APK to /storage/emulated/0/unexpected/ for updates...
APK copied to: /storage/emulated/0/unexpected/unexpected-keyboard-v1.32.411-461.apk
-rw-rw----. 1 u0_a315 media_rw 58M Nov 13 19:29 /storage/emulated/0/unexpected/unexpected-keyboard-v1.32.411-461.apk
Also copied to: /storage/emulated/0/unexpected/debug-kb.apk (latest)

Step 6: Attempting ADB connection and installation...
No ADB device connected, attempting wireless connection...
Scanning for ADB on host: 100.88.85.16
Scanning ports 30000-50000 for ADB...
Trying 100.88.85.16:5555... no response
Trying 100.88.85.16:33339... no response
Trying 100.88.85.16:42401... no response
No working ADB port found on 100.88.85.16
âŒ Could not establish ADB connection
Opening APK for installation...
[0;32mâœ… [0mAPK built successfully
[0;34mâ„¹ [0mBuilt version:  ()

[0;34mâ•â•â•â•â•â•â•â•â•â•â•â•â•â•â•â•â•â•â•â•â•â•â•â•â•â•â•â•â•â•â•â•â•â•â•â•â•â•â•â•â•â•â•â•â•â•â•â•â•â•â•[0m
[0;34m  STEP 3: ADB Connection[0m
[0;34mâ•â•â•â•â•â•â•â•â•â•â•â•â•â•â•â•â•â•â•â•â•â•â•â•â•â•â•â•â•â•â•â•â•â•â•â•â•â•â•â•â•â•â•â•â•â•â•â•â•â•â•[0m
[0;34mâ„¹ [0mAttempting wireless ADB connection to 192.168.1.247...
[0;34mâ„¹ [0mTrying 192.168.1.247:5555...
[0;34mâ„¹ [0mTrying 192.168.1.247:37567...
[0;34mâ„¹ [0mTrying 192.168.1.247:42401...
[0;34mâ„¹ [0mTrying 192.168.1.247:33339...
[1;33mâš  [0mADB connection failed - will copy APK to shared storage
[0;34mâ„¹ [0mAPK available at: /storage/emulated/0/unexpected/debug-kb.apk
