To honour the JVM settings for this build a single-use Daemon process will be forked. For more on this, please refer to https://docs.gradle.org/8.7/userguide/gradle_daemon.html#sec:disabling_the_daemon in the Gradle documentation.
Daemon will be stopped at the end of the build 

Generating srcs/juloo.keyboard2/ComposeKeyData.java
Warning: Sequence collide: 'ng = Å‹' and 'ng~ = nÍ g'
Warning: Sequence collide: 'Ij = Ä²' and 'Ij = Ä²'
Warning: Sequence C+C = â„‚ has no lower case equivalent C+c (but c+c = Ä exists)
Warning: Sequence C+E = â‚  has no lower case equivalent C+e (but c+e = Ä› exists)
Warning: Sequence C+O = Â© has no lower case equivalent C+o (but c+o = Ç’ exists)
Warning: Sequence F+U = ðŸ–• has no lower case equivalent F+u
Warning: Sequence O+A = â’¶ has no lower case equivalent O+a (but o+a = Ã¥ exists)
Warning: Sequence O+Y = â˜® has no lower case equivalent O+y (but o+y = áº™ exists)
Warning: Sequence P+P = Â¶ has no lower case equivalent P+p
Warning: Sequence R+O = Â® has no lower case equivalent R+o
Warning: Sequence U+A = Ä‚ is not the same as U+a = Äƒ (but u+a = Äƒ exists)
Warning: Sequence U+E = Ä” is not the same as U+e = Ä• (but u+e = Ä• exists)
Warning: Sequence U+G = Äž is not the same as U+g = ÄŸ (but u+g = ÄŸ exists)
Warning: Sequence U+I = Ä¬ is not the same as U+i = Ä­ (but u+i = Ä­ exists)
Warning: Sequence U+O = ÅŽ is not the same as U+o = Å (but u+o = Å exists)
Warning: Sequence U+U = Å¬ is not the same as U+u = Å­ (but u+u = Å­ exists)
Compiled 4050 sequences into 8659 states. Dropped 548 sequences. Generated 16 warnings.

Generating res/values/layouts.xml

Checking layouts
> Task :checkKotlinGradlePluginConfigurationErrors
> Task :copyLayoutDefinitions UP-TO-DATE
> Task :copyRawQwertyUS UP-TO-DATE

> Task :generateVersionInfo
Generated version info:  ()

> Task :initDebugKeystore UP-TO-DATE
> Task :preBuild
> Task :preDebugBuild
> Task :dataBindingMergeDependencyArtifactsDebug UP-TO-DATE
> Task :generateDebugResValues UP-TO-DATE
> Task :generateDebugResources
> Task :packageDebugResources
> Task :checkDebugAarMetadata UP-TO-DATE
> Task :parseDebugLocalResources
> Task :mapDebugSourceSetPaths
> Task :createDebugCompatibleScreenManifests
> Task :extractDeepLinksDebug UP-TO-DATE
> Task :mergeDebugResources
> Task :processDebugMainManifest
> Task :dataBindingGenBaseClassesDebug UP-TO-DATE
> Task :processDebugManifest
> Task :javaPreCompileDebug UP-TO-DATE
> Task :checkKeyboardLayouts UP-TO-DATE
> Task :compileComposeSequences UP-TO-DATE
> Task :preDebugUnitTestBuild
> Task :processDebugManifestForPackage
> Task :javaPreCompileDebugUnitTest
AAPT2 aapt2-8.6.0-11315950-linux Daemon #0: Unexpected error output: /data/data/com.termux/files/home/.gradle/caches/transforms-4/fcdf5283e87f60780fff2e7b9a71fc13/transformed/aapt2-8.6.0-11315950-linux/aapt2: 2: Syntax error: "(" unexpected
AAPT2 aapt2-8.6.0-11315950-linux Daemon #1: Unexpected error output: /data/data/com.termux/files/home/.gradle/caches/transforms-4/fcdf5283e87f60780fff2e7b9a71fc13/transformed/aapt2-8.6.0-11315950-linux/aapt2: 2: Syntax error: "(" unexpected
> Task :processDebugResources FAILED

FAILURE: Build failed with an exception.

* What went wrong:
Execution failed for task ':processDebugResources'.
> Could not resolve all files for configuration ':debugRuntimeClasspath'.
   > Failed to transform appcompat-1.6.1.aar (androidx.appcompat:appcompat:1.6.1) to match attributes {artifactType=android-compiled-dependencies-resources, org.gradle.category=library, org.gradle.dependency.bundling=external, org.gradle.libraryelements=aar, org.gradle.status=release, org.gradle.usage=java-runtime}.
      > Execution failed for AarResourcesCompilerTransform: /data/data/com.termux/files/home/.gradle/caches/transforms-4/bc6530ef2d8272bfe0954a38533c575e/transformed/appcompat-1.6.1.
         > AAPT2 aapt2-8.6.0-11315950-linux Daemon #0: Daemon startup failed
           This should not happen under normal circumstances, please file an issue if it does.
   > Failed to transform core-1.16.0.aar (androidx.core:core:1.16.0) to match attributes {artifactType=android-compiled-dependencies-resources, org.gradle.category=library, org.gradle.dependency.bundling=external, org.gradle.libraryelements=aar, org.gradle.status=release, org.gradle.usage=java-runtime}.
      > Execution failed for AarResourcesCompilerTransform: /data/data/com.termux/files/home/.gradle/caches/transforms-4/f947dd21c454b08d814ea374b3c4738e/transformed/core-1.16.0.
         > AAPT2 aapt2-8.6.0-11315950-linux Daemon #1: Daemon startup failed
           This should not happen under normal circumstances, please file an issue if it does.
   > Failed to transform core-1.16.0.aar (androidx.core:core:1.16.0) to match attributes {artifactType=android-compiled-dependencies-resources, org.gradle.status=release}.
      > Execution failed for AarResourcesCompilerTransform: /data/data/com.termux/files/home/.gradle/caches/transforms-4/f947dd21c454b08d814ea374b3c4738e/transformed/core-1.16.0.
         > AAPT2 aapt2-8.6.0-11315950-linux Daemon #1: Daemon startup failed
           This should not happen under normal circumstances, please file an issue if it does.
   > Failed to transform core-1.16.0.aar (androidx.core:core:1.16.0) to match attributes {artifactType=android-compiled-dependencies-resources, org.gradle.status=release}.
      > Execution failed for AarResourcesCompilerTransform: /data/data/com.termux/files/home/.gradle/caches/transforms-4/f947dd21c454b08d814ea374b3c4738e/transformed/core-1.16.0.
         > AAPT2 aapt2-8.6.0-11315950-linux Daemon #1: Daemon startup failed
           This should not happen under normal circumstances, please file an issue if it does.
   > Failed to transform core-1.16.0.aar (androidx.core:core:1.16.0) to match attributes {artifactType=android-compiled-dependencies-resources, org.gradle.status=release}.
      > Execution failed for AarResourcesCompilerTransform: /data/data/com.termux/files/home/.gradle/caches/transforms-4/f947dd21c454b08d814ea374b3c4738e/transformed/core-1.16.0.
         > AAPT2 aapt2-8.6.0-11315950-linux Daemon #1: Daemon startup failed
           This should not happen under normal circumstances, please file an issue if it does.
   > Failed to transform core-1.16.0.aar (androidx.core:core:1.16.0) to match attributes {artifactType=android-compiled-dependencies-resources, org.gradle.status=release}.
      > Execution failed for AarResourcesCompilerTransform: /data/data/com.termux/files/home/.gradle/caches/transforms-4/f947dd21c454b08d814ea374b3c4738e/transformed/core-1.16.0.
         > AAPT2 aapt2-8.6.0-11315950-linux Daemon #1: Daemon startup failed
           This should not happen under normal circumstances, please file an issue if it does.
   > Failed to transform core-1.16.0.aar (androidx.core:core:1.16.0) to match attributes {artifactType=android-compiled-dependencies-resources, org.gradle.status=release}.
      > Execution failed for AarResourcesCompilerTransform: /data/data/com.termux/files/home/.gradle/caches/transforms-4/f947dd21c454b08d814ea374b3c4738e/transformed/core-1.16.0.
         > AAPT2 aapt2-8.6.0-11315950-linux Daemon #1: Daemon startup failed
           This should not happen under normal circumstances, please file an issue if it does.
   > Failed to transform core-1.16.0.aar (androidx.core:core:1.16.0) to match attributes {artifactType=android-compiled-dependencies-resources, org.gradle.status=release}.
      > Execution failed for AarResourcesCompilerTransform: /data/data/com.termux/files/home/.gradle/caches/transforms-4/f947dd21c454b08d814ea374b3c4738e/transformed/core-1.16.0.
         > AAPT2 aapt2-8.6.0-11315950-linux Daemon #1: Daemon startup failed
           This should not happen under normal circumstances, please file an issue if it does.
   > Failed to transform core-1.16.0.aar (androidx.core:core:1.16.0) to match attributes {artifactType=android-compiled-dependencies-resources, org.gradle.status=release}.
      > Execution failed for AarResourcesCompilerTransform: /data/data/com.termux/files/home/.gradle/caches/transforms-4/f947dd21c454b08d814ea374b3c4738e/transformed/core-1.16.0.
         > AAPT2 aapt2-8.6.0-11315950-linux Daemon #1: Daemon startup failed
           This should not happen under normal circumstances, please file an issue if it does.
   > Failed to transform core-1.16.0.aar (androidx.core:core:1.16.0) to match attributes {artifactType=android-compiled-dependencies-resources, org.gradle.status=release}.
      > Execution failed for AarResourcesCompilerTransform: /data/data/com.termux/files/home/.gradle/caches/transforms-4/f947dd21c454b08d814ea374b3c4738e/transformed/core-1.16.0.
         > AAPT2 aapt2-8.6.0-11315950-linux Daemon #1: Daemon startup failed
           This should not happen under normal circumstances, please file an issue if it does.
   > Failed to transform core-1.16.0.aar (androidx.core:core:1.16.0) to match attributes {artifactType=android-compiled-dependencies-resources, org.gradle.status=release}.
      > Execution failed for AarResourcesCompilerTransform: /data/data/com.termux/files/home/.gradle/caches/transforms-4/f947dd21c454b08d814ea374b3c4738e/transformed/core-1.16.0.
         > AAPT2 aapt2-8.6.0-11315950-linux Daemon #1: Daemon startup failed
           This should not happen under normal circumstances, please file an issue if it does.

* Try:
> Run with --stacktrace option to get the stack trace.
> Run with --info or --debug option to get more log output.
> Run with --scan to get full insights.
> Get more help at https://help.gradle.org.

Deprecated Gradle features were used in this build, making it incompatible with Gradle 9.0.

You can use '--warning-mode all' to show the individual deprecation warnings and determine if they come from your own scripts or plugins.

For more on this, please refer to https://docs.gradle.org/8.7/userguide/command_line_interface.html#sec:command_line_warnings in the Gradle documentation.

BUILD FAILED in 28s
19 actionable tasks: 13 executed, 6 up-to-date
